         w __deregister_frame_info
         w __register_frame_info
         w userAppExit
         w userAppInit
00000000 00000802 B __ctru_dev_utf16_buf
00000000 A __sync_synchronize
00000000 b _TLS_MODULE_BASE_
00000000 a shift
00000000 a shift
00000804 00000401 B __ctru_dev_path_buf
00100000 A __start__
00100000 T _start
00100008 T __service_ptr
0010000c T __apt_appid
00100010 T __heap_size
00100014 T __linear_heap_size
00100018 T __system_arglist
0010001c T __system_runflags
00100020 t startup
00100058 t ClearMem
0010006c t ClrLoop
00100094 T _init
001000ac T __aeabi_idiv
001000ac 00000220 T __divsi3
001000b4 t .divsi3_skip_div0_test
001002cc 00000020 T __aeabi_idivmod
001002ec 00000004 W __aeabi_idiv0
001002ec 00000004 W __aeabi_ldiv0
001002f0 T __aeabi_uldivmod
00100348 00000390 T strcmp
001006d0 t .udivsi3_skip_div0_test
001006d0 T __aeabi_uidiv
001006d0 000001ec T __udivsi3
001008bc 00000020 T __aeabi_uidivmod
001008dc t __do_global_dtors_aux
0010091c t frame_dummy
00100948 00000224 T main
00100b6c 00000044 t C2Di_FrameEndHook
00100bb0 0000036c T C2D_Init
00100f1c 0000004c T C2D_Fini
00100f68 000000b8 T C2D_Prepare
00101020 00000048 T C2D_Flush
00101068 00000104 T C2D_SceneSize
0010116c 00000058 T C2D_CreateScreenTarget
001011c4 00000064 T C2D_TargetClear
00101228 00000058 T C2Di_AppendQuad
00101280 00000550 T C2Di_Update
001017d0 00000158 T C2D_DrawRectangle
00101928 00000028 T AttrInfo_Init
00101950 00000094 T AttrInfo_AddLoader
001019e4 00000054 T C3D_SetAttrInfo
00101a38 00000080 T C3Di_AttrInfoBind
00101ab8 00000004 W C3Di_LightEnvUpdate
00101abc 00000004 W C3Di_LightEnvDirty
00101ac0 000000b4 t C3Di_AptEventHook
00101b74 00000004 W C3Di_GasUpdate
00101b78 000001d0 T C3D_Init
00101d48 00000098 T C3D_SetViewport
00101de0 000004e8 T C3Di_UpdateContext
001022c8 000000e0 T C3Di_SplitFrame
001023a8 00000010 T C3D_GetCmdBufUsage
001023b8 00000044 T C3D_Fini
001023fc 00000194 T C3D_BindProgram
00102590 00000024 T BufInfo_Init
001025b4 00000080 T BufInfo_Add
00102634 0000003c T C3D_SetBufInfo
00102670 00000048 T C3Di_BufInfoBind
001026b8 0000021c T C3D_DrawElements
001028d4 00000040 T C3D_DepthMap
00102914 0000001c T C3D_CullFace
00102930 00000040 T C3D_StencilTest
00102970 00000024 T C3D_StencilOp
00102994 0000001c T C3D_BlendingColor
001029b0 00000024 T C3D_EarlyDepthTest
001029d4 0000002c T C3D_DepthTest
00102a00 0000002c T C3D_AlphaTest
00102a2c 00000050 T C3D_AlphaBlend
00102a7c 00000030 T C3D_FragOpMode
00102aac 00000044 T C3D_FragOpShadow
00102af0 000001ac T C3Di_EffectBind
00102c9c 0000001c T C3D_CalcColorBufSize
00102cb8 0000001c T C3D_CalcDepthBufSize
00102cd4 00000044 T C3D_SetFrameBuf
00102d18 0000016c T C3Di_FrameBufBind
00102e84 000000c8 T C3D_FrameBufClear
00102f4c 00000044 T C3D_FrameBufTransfer
00102f90 000000a8 T C3D_ImmSendAttrib
00103038 00000070 T C3D_ProcTexInit
001030a8 00000054 T C3D_ProcTexBind
001030fc 0000005c T C3D_ProcTexLutBind
00103158 000000a4 T ProcTexLut_FromArray
001031fc 00000178 T C3Di_ProcTexUpdate
00103374 00000068 T C3Di_ProcTexDirty
001033dc 0000004c t onVBlank0
00103428 0000004c t onVBlank1
00103474 00000080 t C3Di_RenderTargetDestroy
001034f4 000000f4 t onQueueFinish
001035e8 00000038 T C3Di_RenderQueueEnableVBlank
00103620 00000030 T C3Di_RenderQueueDisableVBlank
00103650 00000060 T C3Di_RenderQueueInit
001036b0 000000b4 T C3Di_RenderQueueExit
00103764 00000034 T C3Di_RenderQueueWaitDone
00103798 000000e8 T C3D_FrameBegin
00103880 00000048 T C3D_FrameDrawOn
001038c8 00000058 T C3D_FrameSplit
00103920 000001d0 T C3D_FrameEnd
00103af0 0000001c T C3D_FrameEndHook
00103b0c 00000018 T C3D_GetDrawingTime
00103b24 00000018 T C3D_GetProcessingTime
00103b3c 00000170 T C3D_RenderTargetCreate
00103cac 000000a8 T C3D_RenderTargetSetOutput
00103d54 00000034 T C3D_GetTexEnv
00103d88 00000024 T C3Di_TexEnvBind
00103dac 00000044 T C3D_TexBind
00103df0 0000014c T C3Di_SetTex
00103f3c 00000290 T C3D_UpdateUniforms
001041cc 000000c0 T C3Di_DirtyUniforms
0010428c 000000d8 T C3Di_LoadShaderUniforms
00104364 00000028 T C3Di_ClearShaderUniforms
0010438c 000000cc T Mtx_Ortho
00104458 000000cc T Mtx_OrthoTilt
00104524 00000024 t addrMapNodeComparator(rbtree_node const*, rbtree_node const*)
00104548 00000004 t addrMapNodeDestructor(rbtree_node*)
0010454c 00000120 T linearMemAlign
0010466c 00000008 T linearAlloc
00104674 0000005c T linearFree
001046d0 00000084 T MemPool::CoalesceRight(MemBlock*)
00104754 00000150 T MemPool::Allocate(MemChunk&, unsigned long, int)
001048a4 000000fc T MemPool::Deallocate(MemChunk const&)
001049a0 00000030 T MemPool::GetFreeSpace()
001049d0 00000024 t addrMapNodeComparator(rbtree_node const*, rbtree_node const*)
001049f4 00000004 t addrMapNodeDestructor(rbtree_node*)
001049f8 00000244 T vramMemAlignAt
00104c3c 0000000c T vramAlloc
00104c48 0000000c T vramAllocAt
00104c54 00000090 T vramFree
00104ce4 0000045c t consoleHandleColorEsc
00105140 000000b8 t consoleColorStateShift
001051f8 000001ac T consoleDrawChar
001053a4 0000011c T consolePrintChar
001054c0 000005ec T con_write
00105aac 00000124 t newRow
00105bd0 0000018c T consoleInit
00105d5c 000000d0 t gfxPresentFramebuffer
00105e2c 0000001c T gfxIsWide
00105e48 000000ec T gfxSetScreenFormat
00105f34 00000010 T gfxSetDoubleBuffering
00105f44 000000d8 T gfxInit
0010601c 00000010 T gfxInitDefault
0010602c 000000b4 T gfxExit
001060e0 000000a0 T gfxGetFramebuffer
00106180 00000100 T gfxFlushBuffers
00106280 00000030 T gfxScreenSwapBuffers
001062b0 00000050 T gfxSwapBuffersGpu
00106300 00000074 T osConvertVirtToPhys
00106378 00000038 T osTickCounterRead
001063b0 00000034 T __ctru_speedup_config
001063e4 0000013c T GPUCMD_Add
00106520 000000b0 T GPUCMD_Split
001065d0 00000034 T f32tof16
00106604 00000034 T f32tof24
00106638 00000038 T f32tof31
00106670 00000010 T GX_BindQueue
00106680 00000078 T GX_ProcessCommandList
001066f8 00000074 T GX_MemoryFill
0010676c 00000070 T GX_DisplayTransfer
001067dc 00000068 t gxCmdQueueDoCommands.part.0
00106844 000000c8 T gxCmdQueueInterrupt
0010690c 0000004c T gxCmdQueueClear
00106958 000000f8 T gxCmdQueueAdd
00106a50 00000080 T gxCmdQueueRun
00106ad0 00000060 T gxCmdQueueStop
00106b30 0000008c T gxCmdQueueWait
00106bbc 000001d0 T shaderInstanceInit
00106d8c 00000018 T shaderInstanceGetUniformLocation
00106da4 0000001c T shaderProgramInit
00106dc0 00000064 T shaderProgramFree
00106e24 00000080 T shaderProgramSetVsh
00106ea4 000008d0 T shaderProgramConfigure
00107774 000001dc t DVLE_GenerateOutmap.part.0
00107950 000001b0 T DVLB_ParseFile
00107b00 00000038 T DVLB_Free
00107b38 00000074 T DVLE_GetUniformRegister
00107bac 000001b0 t aptConvertScreenForCapture
00107d5c 00000008 W aptDspSleep
00107d64 00000004 W aptDspWakeup
00107d68 00000004 W aptDspCancel
00107d6c 00000158 T aptSendCommand
00107ec8 00000044 t aptExitProcess
00107f0c 00000380 T aptExit
0010828c 000000d8 T aptHandleSleep
00108364 00000030 T aptHook
00108394 00000030 T aptUnhook
001083c4 00000084 T APT_SleepIfShellClosed
00108448 00000078 T aptSetSleepAllowed
001084c0 00000084 T APT_UnlockTransition
00108548 00000478 t aptEventHandler
001089c0 000000b0 T APT_ReceiveParameter
00108a70 000000ac t aptReceiveParameter.constprop.0
00108b20 00000294 t aptScreenTransfer
00108db4 000002c8 t aptWaitForWakeUp.isra.0
0010907c 000000f4 T aptJumpToHomeMenu
00109170 00000048 T aptMainLoop
001091b8 0000022c T aptInit
001093e4 0000007c T APT_CheckNew3DS
00109460 00000c70 t gspHardwareInit
0010a0d0 00000248 T gspInit
0010a318 000000e4 T gspExit
0010a3fc 00000010 T gspHasGpuRight
0010a40c 000000a0 T gspPresentBuffer
0010a4ac 00000030 T gspSetEventCallback
0010a4dc 00000044 T gspWaitForEvent
0010a520 0000004c T gspWaitForAnyEvent
0010a56c 00000160 t gspEventThreadMain
0010a6cc 00000130 T gspSubmitGxCommand
0010a7fc 00000050 T GSPGPU_FlushDataCache
0010a84c 00000034 T GSPGPU_SetLcdForceBlack
0010a880 00000068 T GSPGPU_AcquireRight
0010a8e8 00000048 T GSPGPU_ReleaseRight
0010a930 0000007c T GSPGPU_ImportDisplayCaptureInfo
0010a9ac 0000002c T GSPGPU_SaveVramSysArea
0010a9d8 0000002c T GSPGPU_RestoreVramSysArea
0010aa04 00000024 W hidShouldUseIrrst
0010aa28 0000018c T hidInit
0010abb4 000000e8 T hidExit
0010ac9c 000002a4 T hidScanInput
0010af40 00000010 T hidKeysHeld
0010af50 00000010 T hidKeysDown
0010af60 00000010 T hidKeysUp
0010af70 00000018 T hidTouchRead
0010af88 00000018 T hidCircleRead
0010afa0 00000160 T irrstInit
0010b100 000000cc T irrstExit
0010b1cc 000000b4 T irrstScanInput
0010b280 00000024 T irrstKeysHeld
0010b2a4 00000074 T ptmSysmInit
0010b318 0000003c T ptmSysmExit
0010b354 00000034 T PTMSYSM_ConfigureNew3DSCPU
0010b388 00000074 T rbtree_find
0010b3fc 00000010 T rbtree_init
0010b40c 0000019c t do_insert
0010b5a8 00000008 T rbtree_insert
0010b5b0 00000310 T rbtree_remove
0010b8c0 00000090 T rbtree_rotate
0010b950 000001e0 W __system_allocateHeaps
0010bb30 00000038 W __libctru_init
0010bb68 00000160 W __system_initArgv
0010bcc8 00000030 T __syscall_getreent
0010bcf8 00000004 T __syscall_lock_acquire
0010bcfc 00000004 T __syscall_lock_release
0010bd00 00000004 T __syscall_lock_acquire_recursive
0010bd04 00000004 T __syscall_lock_release_recursive
0010bd08 00000004 T __syscall_exit
0010bd0c 00000050 T initThreadVars
0010bd5c 00000080 T __system_initSyscalls
0010bddc T svcControlMemory
0010bdfc T svcQueryMemory
0010be2c T svcExitProcess
0010be34 T svcCreateThread
0010be54 T svcExitThread
0010be5c T svcSleepThread
0010be64 T svcReleaseMutex
0010be6c T svcCreateEvent
0010be80 T svcSignalEvent
0010be88 T svcClearEvent
0010be90 T svcMapMemoryBlock
0010be98 T svcUnmapMemoryBlock
0010bea0 T svcCreateAddressArbiter
0010beb4 T svcArbitrateAddressNoTimeout
0010bebc T svcCloseHandle
0010bec4 T svcWaitSynchronization
0010becc T svcWaitSynchronizationN
0010bef4 T svcDuplicateHandle
0010bf08 T svcGetSystemTick
0010bf10 T svcConnectToPort
0010bf24 T svcSendSyncRequest
0010bf2c T svcGetResourceLimit
0010bf40 T svcGetResourceLimitLimitValues
0010bf48 T svcGetResourceLimitCurrentValues
0010bf50 T svcBreak
0010bf58 W initSystem
0010bfa8 W __ctru_exit
0010bfbc 00000084 W envGetHandle
0010c040 00000050 W envDestroyHandles
0010c090 0000012c T srvInit
0010c1bc 00000058 T srvExit
0010c214 00000060 T srvEnableNotification
0010c274 000000a0 T srvGetServiceHandleDirect
0010c314 00000038 T srvGetServiceHandle
0010c34c 00000034 T srvSubscribe
0010c380 00000060 T srvReceiveNotification
0010c3e0 00000038 T srvPublishToSubscriber
0010c418 0000000c T __sync_init
0010c424 00000018 T __sync_fini
0010c43c 0000002c T syncArbitrateAddress
0010c468 000000b0 T LightLock_Lock
0010c518 00000040 T LightLock_Unlock
0010c558 00000030 T RecursiveLock_Lock
0010c588 00000054 T RecursiveLock_Unlock
0010c5dc 00000040 T LightEvent_Init
0010c61c 000000a4 T LightEvent_Clear
0010c6c0 000000c8 T LightEvent_Signal
0010c788 00000050 T LightEvent_TryWait
0010c7d8 000000a0 T LightEvent_Wait
0010c878 000001d4 T threadCreate
0010ca4c 0000002c T threadFree
0010ca78 00000024 T threadJoin
0010ca9c 00000030 T threadGetCurrent
0010cacc 00000040 T threadExit
0010cb0c 00000020 t _thread_begin
0010cb2c 00000090 t mappableFindAddressWithin
0010cbbc 00000028 T mappableInit
0010cbe4 00000080 T mappableAlloc
0010cc64 00000004 T mappableFree
0010cc68 0000000c T srvPmGetSessionHandle
0010cc74 0000005c T rbtree_node_next
0010ccd0 00000030 W __appExit
0010cd00 00000030 W __appInit
0010cd30 00000090 W __libctru_exit
0010cdc0 00000014 t archive_link
0010cdd4 00000014 t archive_dirreset
0010cde8 00000014 t archive_chmod
0010cdfc 00000024 t error_cmp
0010ce20 00000050 t archive_translate_error
0010ce70 000000c4 t archive_seek
0010cf34 00000078 t _archiveInit.part.0
0010cfac 000000c4 t archiveFindDevice.part.0
0010d070 00000290 t archive_utf16path
0010d300 0000009c t _archiveUnmountDeviceStruct.part.0
0010d39c 00000014 t archive_statvfs
0010d3b0 00000014 t archive_fchmod
0010d3c4 00000168 t _archiveMountDevice
0010d52c 000000e8 t archive_diropen
0010d614 000000a4 t archive_fstat
0010d6b8 0000006c t archive_fsync
0010d724 0000006c t archive_close
0010d790 00000070 t archive_dirclose
0010d800 000000e4 t sdmc_statvfs
0010d8e4 000000ec t archive_chdir
0010d9d0 0000007c t archive_ftruncate
0010da4c 000000ac t archive_read
0010daf8 000000a4 t archive_unlink
0010db9c 000000bc t archive_rmdir
0010dc58 000000dc t archive_mkdir
0010dd34 00000194 t archive_stat
0010dec8 0000015c t archive_dirnext
0010e024 00000124 t archive_write
0010e148 00000210 t archive_open
0010e358 00000268 t archive_rename
0010e5c0 0000019c T archiveMountSdmc
0010e75c 00000054 T archiveUnmountAll
0010e7b0 000000d0 T fsInit
0010e880 0000003c T fsExit
0010e8bc 00000060 T fsExemptFromSession
0010e91c 00000050 T fsUnexemptFromSession
0010e96c 000000cc T FSUSER_OpenFile
0010ea38 000000bc T FSUSER_DeleteFile
0010eaf4 000000f8 T FSUSER_RenameFile
0010ebec 000000bc T FSUSER_DeleteDirectory
0010eca8 000000d4 T FSUSER_CreateFile
0010ed7c 000000c4 T FSUSER_CreateDirectory
0010ee40 000000f8 T FSUSER_RenameDirectory
0010ef38 000000b4 T FSUSER_OpenDirectory
0010efec 00000094 T FSUSER_OpenArchive
0010f080 0000008c T FSUSER_CloseArchive
0010f10c 00000074 T FSUSER_GetSdmcArchiveResource
0010f180 00000064 T FSUSER_IsSdmcWritable
0010f1e4 00000058 T FSFILE_Read
0010f23c 00000060 T FSFILE_Write
0010f29c 00000038 T FSFILE_GetSize
0010f2d4 00000028 T FSFILE_SetSize
0010f2fc 0000003c T FSFILE_Close
0010f338 00000024 T FSFILE_Flush
0010f35c 00000050 T FSDIR_Read
0010f3ac 0000003c T FSDIR_Close
0010f3e8 0000013c T decode_utf8
0010f524 000000e8 T utf16_to_utf8
0010f60c 000000c0 T utf8_to_utf16
0010f6cc T __aeabi_read_tp
0010f6d8 00000064 T decode_utf16
0010f73c 00000054 T encode_utf16
0010f790 000000e0 T encode_utf8
0010f870 00000120 T __udivmoddi4
0010f990 000000d8 T strncmp
0010fa68 0000005c T strlen
0010fac4 000001e4 t _strtoul_l.isra.0
0010fca8 00000034 T strtoul
0010fcdc 000000e4 T strncat
0010fdc0 00000078 T bsearch
0010fe38 00000020 T calloc
0010fe58 000000c0 T _calloc_r
0010ff18 00000020 T memalign
0010ff38 0000001c t stdio_exit_handler
0010ff54 0000005c t cleanup_stdio
0010ffb0 00000154 t global_stdio_init.part.0
00110104 0000005c T __sinit
00110160 0000000c T __sfp_lock_acquire
0011016c 0000000c T __sfp_lock_release
00110178 000007e8 T _malloc_r
00110960 000000f8 T _malloc_trim_r
00110a58 00000300 T _free_r
00110d58 00000294 T setvbuf
00110fec 0000004c T strnlen
00111038 0000000c T __errno
00111044 00000034 T malloc
00111078 00000018 T free
00111090 00000130 T memcpy
001111c0 00000034 T printf
001111f4 000000e8 T memset
001112dc 00000070 T _fwalk_sglue
0011134c 0000000c T __malloc_lock
00111358 0000000c T __malloc_unlock
00111364 00000004 W __call_exitprocs
00111368 00000030 T exit
00111398 000000c4 T strncpy
0011145c 00000084 T __libc_init_array
001114e0 00000228 T __sflush_r
00111708 00000094 T _fflush_r
0011179c 00000150 T _memalign_r
001118ec 0000003c T __libc_fini_array
00111928 00000044 T __sread
0011196c 00000068 T __swrite
001119d4 00000040 T __sseek
00111a14 00000008 T __sclose
00111a1c 00000148 T _fclose_r
00111b64 000005e4 t get_arg
00112148 0000342c T _vfprintf_r
00115574 000000b8 t __sbprintf
0011562c 00000144 T __smakebuf_r
00115770 0000008c T __swhatbuf_r
001157fc 000001b4 t quorem
001159b0 00001370 T _dtoa_r
00116d20 000000a0 T _wcrtomb_r
00116dc0 00000028 T _wcsrtombs_r
00116de8 00000194 T __swsetup_r
00116f80 00000088 T frexp
00117008 0000005c T __assert_func
00117064 00000088 T _Balloc
001170ec 0000001c T _Bfree
00117108 000000f4 T __multadd
001171fc 00000080 T __hi0bits
0011727c 000000f4 T __lo0bits
00117370 000000a4 T __i2b
00117414 00000208 T __multiply
0011761c 00000130 T __pow5mult
0011774c 00000138 T __lshift
00117884 00000058 T __mcmp
001178dc 000001f0 T __mdiff
00117acc 00000120 T __d2b
00117bec 00000024 T __locale_mb_cur_max
00117c10 0000003c T fiprintf
00117c4c 000000e0 T memchr
00117d2c 00000160 T _wcsnrtombs_l
00117e8c 00000064 T _wcsnrtombs_r
00117ef0 00000324 T __utf8_mbtowc
00118214 00000030 T __sprint_r
00118244 00000014 T abort
00118258 00000024 T _localeconv_r
0011827c 000000f0 T __utf8_wctomb
0011836c 00000130 T strchr
0011849c 00000160 T memmove
001185fc 00000090 T _raise_r
0011868c 00000018 T raise
001186a4 00000480 T __sfvwrite_r
00118b24 000005e4 t get_arg
00119108 00002264 T _vfiprintf_r
0011b36c 000000b8 t __sbprintf
0011b424 000004a4 T _realloc_r
0011b8c8 00000020 T _exit
0011b8e8 0000013c T chdir
0011ba24 000001cc T _concatenate_path
0011bbf0 00000088 T _fstat_r
0011bc78 00000014 T _getpid_r
0011bc8c 0000002c T __getreent
0011bcb8 0000003c T __get_handle
0011bcf4 000000f4 T _close_r
0011bde8 00000008 t null_write
0011bdf0 00000018 T setDefaultDevice
0011be08 000000c8 T FindDevice
0011bed0 00000028 T RemoveDevice
0011bef8 00000098 T AddDevice
0011bf90 00000020 T GetDeviceOpTab
0011bfb0 00000008 T _isatty_r
0011bfb8 00000014 T _kill_r
0011bfcc 0000008c T _lseek_r
0011c058 00000088 T _read_r
0011c0e0 00000078 W _sbrk_r
0011c158 0000001c T __libc_lock_acquire
0011c174 0000001c T __libc_lock_release
0011c190 0000001c T __libc_lock_acquire_recursive
0011c1ac 0000001c T __libc_lock_release_recursive
0011c1c8 00000088 T _write_r
0011c250 00000048 T strrchr
0011c298 T _fini
0011d168 r .LC2
0011d290 R render2d_shbin
0011d41c R render2d_shbin_end
0011d41c R render2d_shbin_size
0011d420 00000004 r depthFmtSizes
0011d424 00000005 r colorFmtSizes
0011d42c 00000010 r CSWTCH.11
0011d4f4 00000080 r dotab_stdout
0011d574 00000018 r grayScale
0011d58c 00000006 r colorCube
0011d594 00000030 r colorTable
0011d5ec 00000008 r morton_y.2
0011d5f4 00000008 r morton_x.3
0011d5fc 00000008 r s_sleepWakeEvents.4
0011d604 R default_font_bin
0011de04 R default_font_bin_end
0011de04 00000030 r error_table
0011de34 00000080 r archive_devoptab
0011deb4 00000101 R _ctype_
0011e0dc 00000010 r zeroes.0
0011e0ec 00000010 r blanks.1
0011e104 0000006c R __action_table
0011e170 0000006c R __state_table
0011e1dc 00000100 R __chclass
0011e2dc 0000000c r p05.0
0011e2e8 00000028 R __mprec_bigtens
0011e310 000000c8 R __mprec_tens
0011e4c4 00000010 r zeroes.0
0011e4d4 00000010 r blanks.1
0011e4e4 00000080 R dotab_stdnull
0011e564 R __tdata_align
0011e568 r __EH_FRAME_BEGIN__
0011e568 R __exidx_end
0011e568 R __exidx_start
0011f000 00000008 d framerateCounter
0011f008 00000004 d framerate
0011f00c 00000001 d firstConsoleInit.0
0011f010 00000004 D currentConsole
0011f014 00000048 D defaultConsole
0011f05c 00000004 d queueLock
0011f060 00000004 d aptChainloadDeliverArgSize
0011f064 00000004 d kCount
0011f068 00000004 d kInterval
0011f06c 00000004 d kDelay
0011f070 W __stacksize__
0011f074 00000004 D _impure_ptr
0011f078 00000120 D _impure_data
0011f198 0000000c D __sglue
0011f1a4 00000004 D __malloc_sbrk_base
0011f1a8 00000004 D __malloc_trim_threshold
0011f1b0 00000408 D __malloc_av_
0011f5b8 0000016c D __global_locale
0011f724 00000400 d _current_working_directory
0011fb28 00001000 d handles
00120b28 0000000c d __stderr_handle
00120b34 0000000c d __stdout_handle
00120b40 0000000c d __stdin_handle
00120b4c 0000008c D devoptab_list
00120bd8 00000004 d defaultDevice
00120be4 d _GLOBAL_OFFSET_TABLE_
00120bf0 d __frame_dummy_init_array_entry
00120bf0 D __init_array_start
00120bf0 B __preinit_array_end
00120bf0 B __preinit_array_start
00120bf0 D __tdata_lma
00120bf0 D __tdata_lma_end
00120bf4 d __do_global_dtors_aux_fini_array_entry
00120bf4 D __fini_array_start
00120bf4 D __init_array_end
00120bf8 D __bss_start__
00120bf8 D __fini_array_end
00120bf8 b completed.1
00120bfc b object.0
00120c18 000005a8 B __C2Di_Context
001211c0 00000040 b s_projBot
00121200 00000040 b s_projTop
00121240 00000004 b uLoc_mdlvMtx
00121244 00000004 b uLoc_projMtx
00121248 0000000c b hookCookie
00121258 000002d0 B __C3D_Context
00121528 00000004 b frameEndCbData
0012152c 00000004 b frameEndCb
00121530 00000008 b frameCounter
00121538 00000001 b isTopStereo
00121539 00000001 b needSwapBot
0012153a 00000001 b needSwapTop
0012153b 00000001 b measureGpuTime
0012153c 00000001 b inSafeTransfer
0012153d 00000001 b inFrame
00121540 00000010 b cpuTime
00121550 00000010 b gpuTime
00121560 0000000c b linkedTarget
0012156c 00000004 b lastTarget
00121570 00000004 b firstTarget
00121574 00000008 b C3Di_IVUnifEverDirty
0012157c 000000c0 b C3Di_FVUnifEverDirty
0012163c 00000018 b C3Di_ShaderFVecData
00121654 00000002 B C3D_BoolUnifsDirty
00121658 00000008 B C3D_IVUnifDirty
00121660 000000c0 B C3D_FVUnifDirty
00121720 00000004 B C3D_BoolUnifs
00121724 00000020 B C3D_IVUnif
00121744 00000c00 B C3D_FVUnif
00122348 00000008 b sLinearPool
00122350 0000000c b sAddrMap
00122360 00000008 b sVramPoolB
00122368 00000008 b sVramPoolA
00122370 0000000c b sAddrMap
0012237c 0000001c b escapeSeq
00122398 00000048 B currentCopy
001223e0 00000004 b screenAlloc
001223e4 00000004 b screenFree
001223e8 00000002 b gfxIsDoubleBuf
001223ec 00000002 b gfxCurBuf
001223ee 00000001 b gfxIsVram
001223ef 00000001 b gfxTopMode
001223f0 00000002 b gfxFramebufferFormats
001223f4 00000004 b gfxBottomFramebufferMaxSize
001223f8 00000004 b gfxTopFramebufferMaxSize
00122400 00000008 b gfxBottomFramebuffers
00122408 00000008 b gfxTopFramebuffers
00122410 00000001 V __ctru_speedup
00122414 00000004 B gpuCmdBufOffset
00122418 00000004 B gpuCmdBufSize
0012241c 00000004 B gpuCmdBuf
00122420 00000004 b boundQueue
00122424 00000001 b shouldStop
00122425 00000001 b isRunning
00122426 00000001 b isActive
00122428 00000004 b curQueue
0012242c 00000001 b flagValue.0
0012242d 00000001 b flagInit.1
00122430 00000004 b serviceName.6
00122434 00000001 b aptChainloadFlags
00122435 00000001 b aptChainloadMediatype
00122438 00000020 b aptChainloadHmac
00122458 00000300 b aptChainloadDeliverArg
00122758 00000008 b aptChainloadTid
00122760 00001000 b aptParameters
00123760 00000004 b aptFlags
00123764 00000001 b aptHomeButtonState
00123768 00000004 b aptMessageFuncData
0012376c 00000004 b aptMessageFunc
00123770 0000000c b aptFirstHook
0012377c 00000001 b aptEventHandlerThreadQuit
00123780 00000004 b aptEventHandlerThread
00123784 00000008 b aptSleepEvent
0012378c 00000008 b aptReceiveEvent
00123794 00000008 b aptEvents
0012379c 00000004 b aptLockHandle
001237a0 00000004 b aptRefCount
001237a4 00000007 b gspEventCbOneShot
001237ac 0000001c b gspEventCbData
001237c8 0000001c b gspEventCb
001237e4 00000038 b gspEvents
0012381c 00000004 b gspLastEvent
00123820 00000001 b gspRunEvents
00123824 00000004 b gspEventThread
00123828 00000004 b gspEvent
0012382c 00000001 b gspGpuRight
0012382d 00000001 b gspThreadId
00123830 00000004 b gspSharedMem
00123834 00000004 b gspSharedMemHandle
00123838 00000004 b gspRefCount
0012383c 00000004 b gspGpuHandle
00123840 00000001 b usingIrrst
00123844 00000004 b hidRefCount
00123848 00000006 b gRate
00123850 00000006 b aVec
00123858 00000004 b cPos
0012385c 00000004 b tPos
00123860 00000004 b kRepeat
00123864 00000004 b kUp
00123868 00000004 b kDown
0012386c 00000004 b kHeld
00123870 00000004 b kOld
00123874 00000004 B hidSharedMem
00123878 00000014 B hidEvents
0012388c 00000004 B hidMemHandle
00123890 00000004 B hidHandle
00123894 00000004 b irrstRefCount
00123898 00000004 b csPos
0012389c 00000004 b kHeld
001238a0 00000004 B irrstSharedMem
001238a4 00000004 B irrstEvent
001238a8 00000004 B irrstMemHandle
001238ac 00000004 B irrstHandle
001238b0 00000004 b ptmSysmRefCount
001238b4 00000004 b ptmSysmHandle
001238b8 00000004 V __ctru_linear_heap_size
001238bc 00000004 V __ctru_heap_size
001238c0 00000004 B __ctru_linear_heap
001238c4 00000004 B __ctru_heap
001238c8 00000004 B __system_retAddr
001238cc 00000004 B __system_argv
001238d0 00000004 B __system_argc
001238d4 b saved_stack
001238dc 00000004 B __3dslink_host
001238e0 00000004 b srvRefCount
001238e4 00000004 b srvHandle
001238e8 00000004 b arbiter
001238ec 00000004 b currentAddr
001238f0 00000004 b maxAddr
001238f4 00000004 b minAddr
001238f8 00000004 b srvPmHandle
00123900 000005c0 b archive_devices
00123ec0 00000004 b archive_device_cwd
00123ec4 00000001 b archive_initialized
00123ec8 00000080 b fsExemptArchives
00123f48 00000004 b fsuRefCount
00123f4c 00000004 b fsuHandle
00123f50 0000000c b __sfp_recursive_mutex
00123f60 00000168 B __sf
001240c8 00000004 B __stdio_exit_handler
001240cc 00000028 B __malloc_current_mallinfo
001240f4 00000004 B __malloc_max_total_mem
001240f8 00000004 B __malloc_max_sbrked_mem
001240fc 00000004 B __malloc_top_pad
00124100 0000000c b __malloc_recursive_mutex
0012410c 00000400 b temp_cwd
0012450c 00000004 b __hndl_lock
00124510 00000004 B fake_heap_start
00124514 00000004 B fake_heap_end
00124518 00000004 b heap_start.0
0012451c B __tls_start
00125124 B __bss_end__
00125124 A __end__
00125124 B __tls_end
