         w __deregister_frame_info
         w __register_frame_info
         w userAppExit
         w userAppInit
00000000 00000802 B __ctru_dev_utf16_buf
00000000 A __sync_synchronize
00000000 b _TLS_MODULE_BASE_
00000000 a shift
00000000 a shift
00000804 00000401 B __ctru_dev_path_buf
00100000 A __start__
00100000 T _start
00100008 T __service_ptr
0010000c T __apt_appid
00100010 T __heap_size
00100014 T __linear_heap_size
00100018 T __system_arglist
0010001c T __system_runflags
00100020 t startup
00100058 t ClearMem
0010006c t ClrLoop
00100094 T _init
001000ac T __aeabi_uldivmod
001000e8 00000004 W __aeabi_idiv0
001000e8 00000004 W __aeabi_ldiv0
00100108 00000390 T strcmp
00100490 t .udivsi3_skip_div0_test
00100490 T __aeabi_uidiv
00100490 000001ec T __udivsi3
0010067c 00000020 T __aeabi_uidivmod
0010069c T __aeabi_idiv
0010069c 00000220 T __divsi3
001006a4 t .divsi3_skip_div0_test
001008bc 00000020 T __aeabi_idivmod
001008dc t __do_global_dtors_aux
0010091c t frame_dummy
00100948 00000208 T main
00100b50 00000044 t C2Di_FrameEndHook
00100b98 0000036c T C2D_Init
00100f04 0000004c T C2D_Fini
00100f50 000000b8 T C2D_Prepare
00101008 00000048 T C2D_Flush
00101050 00000104 T C2D_SceneSize
00101154 00000058 T C2D_CreateScreenTarget
001011ac 00000064 T C2D_TargetClear
00101210 00000058 T C2Di_AppendQuad
00101268 00000550 T C2Di_Update
001017b8 00000158 T C2D_DrawRectangle
00101910 00000028 T AttrInfo_Init
00101938 00000094 T AttrInfo_AddLoader
001019cc 00000054 T C3D_SetAttrInfo
00101a20 00000080 T C3Di_AttrInfoBind
00101aa0 00000004 W C3Di_LightEnvUpdate
00101aa4 00000004 W C3Di_LightEnvDirty
00101aa8 000000b4 t C3Di_AptEventHook
00101b5c 00000004 W C3Di_GasUpdate
00101b60 000001d0 T C3D_Init
00101d30 00000098 T C3D_SetViewport
00101dc8 000004e8 T C3Di_UpdateContext
001022b0 000000e0 T C3Di_SplitFrame
00102390 00000044 T C3D_Fini
001023d4 00000194 T C3D_BindProgram
00102568 00000024 T BufInfo_Init
0010258c 00000080 T BufInfo_Add
0010260c 0000003c T C3D_SetBufInfo
00102648 00000048 T C3Di_BufInfoBind
00102690 0000021c T C3D_DrawElements
001028ac 00000040 T C3D_DepthMap
001028ec 0000001c T C3D_CullFace
00102908 00000040 T C3D_StencilTest
00102948 00000024 T C3D_StencilOp
0010296c 0000001c T C3D_BlendingColor
00102988 00000024 T C3D_EarlyDepthTest
001029ac 0000002c T C3D_DepthTest
001029d8 0000002c T C3D_AlphaTest
00102a04 00000050 T C3D_AlphaBlend
00102a54 00000030 T C3D_FragOpMode
00102a84 00000044 T C3D_FragOpShadow
00102ac8 000001ac T C3Di_EffectBind
00102c74 0000001c T C3D_CalcColorBufSize
00102c90 0000001c T C3D_CalcDepthBufSize
00102cac 00000044 T C3D_SetFrameBuf
00102cf0 0000016c T C3Di_FrameBufBind
00102e5c 000000c8 T C3D_FrameBufClear
00102f24 00000044 T C3D_FrameBufTransfer
00102f68 000000a8 T C3D_ImmSendAttrib
00103010 00000070 T C3D_ProcTexInit
00103080 00000054 T C3D_ProcTexBind
001030d4 0000005c T C3D_ProcTexLutBind
00103130 000000a4 T ProcTexLut_FromArray
001031d4 00000178 T C3Di_ProcTexUpdate
0010334c 00000068 T C3Di_ProcTexDirty
001033b4 0000004c t onVBlank0
00103400 0000004c t onVBlank1
0010344c 00000080 t C3Di_RenderTargetDestroy
001034cc 000000f4 t onQueueFinish
001035c0 00000038 T C3Di_RenderQueueEnableVBlank
001035f8 00000030 T C3Di_RenderQueueDisableVBlank
00103628 00000060 T C3Di_RenderQueueInit
00103688 000000b4 T C3Di_RenderQueueExit
0010373c 00000034 T C3Di_RenderQueueWaitDone
00103770 000000e8 T C3D_FrameBegin
00103858 00000048 T C3D_FrameDrawOn
001038a0 00000058 T C3D_FrameSplit
001038f8 000001d0 T C3D_FrameEnd
00103ac8 0000001c T C3D_FrameEndHook
00103ae4 00000170 T C3D_RenderTargetCreate
00103c54 000000a8 T C3D_RenderTargetSetOutput
00103cfc 00000034 T C3D_GetTexEnv
00103d30 00000024 T C3Di_TexEnvBind
00103d54 00000044 T C3D_TexBind
00103d98 0000014c T C3Di_SetTex
00103ee4 00000290 T C3D_UpdateUniforms
00104174 000000c0 T C3Di_DirtyUniforms
00104234 000000d8 T C3Di_LoadShaderUniforms
0010430c 00000028 T C3Di_ClearShaderUniforms
00104334 000000cc T Mtx_Ortho
00104400 000000cc T Mtx_OrthoTilt
001044cc 00000024 t addrMapNodeComparator(rbtree_node const*, rbtree_node const*)
001044f0 00000004 t addrMapNodeDestructor(rbtree_node*)
001044f4 00000120 T linearMemAlign
00104614 00000008 T linearAlloc
0010461c 0000005c T linearFree
00104678 00000084 T MemPool::CoalesceRight(MemBlock*)
001046fc 00000150 T MemPool::Allocate(MemChunk&, unsigned long, int)
0010484c 000000fc T MemPool::Deallocate(MemChunk const&)
00104948 00000030 T MemPool::GetFreeSpace()
00104978 00000024 t addrMapNodeComparator(rbtree_node const*, rbtree_node const*)
0010499c 00000004 t addrMapNodeDestructor(rbtree_node*)
001049a0 00000244 T vramMemAlignAt
00104be4 0000000c T vramAlloc
00104bf0 0000000c T vramAllocAt
00104bfc 00000090 T vramFree
00104c8c 000000d0 t gfxPresentFramebuffer
00104d5c 0000001c T gfxIsWide
00104d78 000000ec T gfxSetScreenFormat
00104e64 000000d8 T gfxInit
00104f3c 00000010 T gfxInitDefault
00104f4c 000000b4 T gfxExit
00105000 000000a0 T gfxGetFramebuffer
001050a0 00000030 T gfxScreenSwapBuffers
001050d0 00000074 T osConvertVirtToPhys
00105144 00000034 T __ctru_speedup_config
00105178 0000013c T GPUCMD_Add
001052b4 000000b0 T GPUCMD_Split
00105364 00000034 T f32tof16
00105398 00000034 T f32tof24
001053cc 00000038 T f32tof31
00105404 00000010 T GX_BindQueue
00105414 00000078 T GX_ProcessCommandList
0010548c 00000074 T GX_MemoryFill
00105500 00000070 T GX_DisplayTransfer
00105570 00000068 t gxCmdQueueDoCommands.part.0
001055d8 000000c8 T gxCmdQueueInterrupt
001056a0 0000004c T gxCmdQueueClear
001056ec 000000f8 T gxCmdQueueAdd
001057e4 00000080 T gxCmdQueueRun
00105864 00000060 T gxCmdQueueStop
001058c4 0000008c T gxCmdQueueWait
00105950 000001d0 T shaderInstanceInit
00105b20 00000018 T shaderInstanceGetUniformLocation
00105b38 0000001c T shaderProgramInit
00105b54 00000064 T shaderProgramFree
00105bb8 00000080 T shaderProgramSetVsh
00105c38 000008d0 T shaderProgramConfigure
00106508 000001dc t DVLE_GenerateOutmap.part.0
001066e4 000001b0 T DVLB_ParseFile
00106894 00000038 T DVLB_Free
001068cc 00000074 T DVLE_GetUniformRegister
00106940 000001b0 t aptConvertScreenForCapture
00106af0 00000008 W aptDspSleep
00106af8 00000004 W aptDspWakeup
00106afc 00000004 W aptDspCancel
00106b00 00000158 T aptSendCommand
00106c58 00000044 t aptExitProcess
00106c9c 00000380 T aptExit
0010701c 000000d8 T aptHandleSleep
001070f4 00000030 T aptHook
00107124 00000030 T aptUnhook
00107154 00000084 T APT_SleepIfShellClosed
001071d8 00000078 T aptSetSleepAllowed
00107250 00000084 T APT_UnlockTransition
001072d8 00000478 t aptEventHandler
00107750 000000b0 T APT_ReceiveParameter
00107800 000000ac t aptReceiveParameter.constprop.0
001078b0 00000294 t aptScreenTransfer
00107b44 000002c8 t aptWaitForWakeUp.isra.0
00107e0c 000000f4 T aptJumpToHomeMenu
00107f00 00000048 T aptMainLoop
00107f48 0000022c T aptInit
00108174 0000007c T APT_CheckNew3DS
001081f0 00000c70 t gspHardwareInit
00108e60 00000248 T gspInit
001090a8 000000e4 T gspExit
0010918c 00000010 T gspHasGpuRight
0010919c 000000a0 T gspPresentBuffer
0010923c 00000030 T gspSetEventCallback
0010926c 00000044 T gspWaitForEvent
001092b0 0000004c T gspWaitForAnyEvent
001092fc 00000160 t gspEventThreadMain
0010945c 00000130 T gspSubmitGxCommand
0010958c 00000050 T GSPGPU_FlushDataCache
001095dc 00000034 T GSPGPU_SetLcdForceBlack
00109610 00000068 T GSPGPU_AcquireRight
00109678 00000048 T GSPGPU_ReleaseRight
001096c0 0000007c T GSPGPU_ImportDisplayCaptureInfo
0010973c 0000002c T GSPGPU_SaveVramSysArea
00109768 0000002c T GSPGPU_RestoreVramSysArea
00109794 00000024 W hidShouldUseIrrst
001097b8 0000018c T hidInit
00109944 000000e8 T hidExit
00109a2c 000002a4 T hidScanInput
00109cd0 00000010 T hidKeysHeld
00109ce0 00000010 T hidKeysDown
00109cf0 00000010 T hidKeysUp
00109d00 00000018 T hidCircleRead
00109d18 00000160 T irrstInit
00109e78 000000cc T irrstExit
00109f44 000000b4 T irrstScanInput
00109ff8 00000024 T irrstKeysHeld
0010a01c 00000074 T ptmSysmInit
0010a090 0000003c T ptmSysmExit
0010a0cc 00000034 T PTMSYSM_ConfigureNew3DSCPU
0010a100 00000074 T rbtree_find
0010a174 00000010 T rbtree_init
0010a184 0000019c t do_insert
0010a320 00000008 T rbtree_insert
0010a328 00000310 T rbtree_remove
0010a638 00000090 T rbtree_rotate
0010a6c8 000001e0 W __system_allocateHeaps
0010a8a8 00000038 W __libctru_init
0010a8e0 00000160 W __system_initArgv
0010aa40 00000030 T __syscall_getreent
0010aa70 00000004 T __syscall_lock_acquire
0010aa74 00000004 T __syscall_lock_release
0010aa78 00000004 T __syscall_lock_acquire_recursive
0010aa7c 00000004 T __syscall_lock_release_recursive
0010aa80 00000004 T __syscall_exit
0010aa84 00000050 T initThreadVars
0010aad4 00000080 T __system_initSyscalls
0010ab54 T svcControlMemory
0010ab74 T svcQueryMemory
0010aba4 T svcExitProcess
0010abac T svcCreateThread
0010abcc T svcExitThread
0010abd4 T svcSleepThread
0010abdc T svcReleaseMutex
0010abe4 T svcCreateEvent
0010abf8 T svcSignalEvent
0010ac00 T svcClearEvent
0010ac08 T svcMapMemoryBlock
0010ac10 T svcUnmapMemoryBlock
0010ac18 T svcCreateAddressArbiter
0010ac2c T svcArbitrateAddressNoTimeout
0010ac34 T svcCloseHandle
0010ac3c T svcWaitSynchronization
0010ac44 T svcWaitSynchronizationN
0010ac6c T svcDuplicateHandle
0010ac80 T svcGetSystemTick
0010ac88 T svcConnectToPort
0010ac9c T svcSendSyncRequest
0010aca4 T svcGetResourceLimit
0010acb8 T svcGetResourceLimitLimitValues
0010acc0 T svcGetResourceLimitCurrentValues
0010acc8 T svcBreak
0010acd0 W initSystem
0010ad20 W __ctru_exit
0010ad34 00000084 W envGetHandle
0010adb8 00000050 W envDestroyHandles
0010ae08 0000012c T srvInit
0010af34 00000058 T srvExit
0010af8c 00000060 T srvEnableNotification
0010afec 000000a0 T srvGetServiceHandleDirect
0010b08c 00000038 T srvGetServiceHandle
0010b0c4 00000034 T srvSubscribe
0010b0f8 00000060 T srvReceiveNotification
0010b158 00000038 T srvPublishToSubscriber
0010b190 0000000c T __sync_init
0010b19c 00000018 T __sync_fini
0010b1b4 0000002c T syncArbitrateAddress
0010b1e0 000000b0 T LightLock_Lock
0010b290 00000040 T LightLock_Unlock
0010b2d0 00000030 T RecursiveLock_Lock
0010b300 00000054 T RecursiveLock_Unlock
0010b354 00000040 T LightEvent_Init
0010b394 000000a4 T LightEvent_Clear
0010b438 000000c8 T LightEvent_Signal
0010b500 00000050 T LightEvent_TryWait
0010b550 000000a0 T LightEvent_Wait
0010b5f0 000001d4 T threadCreate
0010b7c4 0000002c T threadFree
0010b7f0 00000024 T threadJoin
0010b814 00000030 T threadGetCurrent
0010b844 00000040 T threadExit
0010b884 00000020 t _thread_begin
0010b8a4 00000090 t mappableFindAddressWithin
0010b934 00000028 T mappableInit
0010b95c 00000080 T mappableAlloc
0010b9dc 00000004 T mappableFree
0010b9e0 0000000c T srvPmGetSessionHandle
0010b9ec 0000005c T rbtree_node_next
0010ba48 00000030 W __appExit
0010ba78 00000030 W __appInit
0010baa8 00000090 W __libctru_exit
0010bb38 00000014 t archive_link
0010bb4c 00000014 t archive_dirreset
0010bb60 00000014 t archive_chmod
0010bb74 00000024 t error_cmp
0010bb98 00000050 t archive_translate_error
0010bbe8 000000c4 t archive_seek
0010bcac 00000078 t _archiveInit.part.0
0010bd24 000000c4 t archiveFindDevice.part.0
0010bde8 00000290 t archive_utf16path
0010c078 0000009c t _archiveUnmountDeviceStruct.part.0
0010c114 00000014 t archive_statvfs
0010c128 00000014 t archive_fchmod
0010c13c 00000168 t _archiveMountDevice
0010c2a4 000000e8 t archive_diropen
0010c38c 000000a4 t archive_fstat
0010c430 0000006c t archive_fsync
0010c49c 0000006c t archive_close
0010c508 00000070 t archive_dirclose
0010c578 000000e4 t sdmc_statvfs
0010c65c 000000ec t archive_chdir
0010c748 0000007c t archive_ftruncate
0010c7c4 000000ac t archive_read
0010c870 000000a4 t archive_unlink
0010c914 000000bc t archive_rmdir
0010c9d0 000000dc t archive_mkdir
0010caac 00000194 t archive_stat
0010cc40 0000015c t archive_dirnext
0010cd9c 00000124 t archive_write
0010cec0 00000210 t archive_open
0010d0d0 00000268 t archive_rename
0010d338 0000019c T archiveMountSdmc
0010d4d4 00000054 T archiveUnmountAll
0010d528 000000d0 T fsInit
0010d5f8 0000003c T fsExit
0010d634 00000060 T fsExemptFromSession
0010d694 00000050 T fsUnexemptFromSession
0010d6e4 000000cc T FSUSER_OpenFile
0010d7b0 000000bc T FSUSER_DeleteFile
0010d86c 000000f8 T FSUSER_RenameFile
0010d964 000000bc T FSUSER_DeleteDirectory
0010da20 000000d4 T FSUSER_CreateFile
0010daf4 000000c4 T FSUSER_CreateDirectory
0010dbb8 000000f8 T FSUSER_RenameDirectory
0010dcb0 000000b4 T FSUSER_OpenDirectory
0010dd64 00000094 T FSUSER_OpenArchive
0010ddf8 0000008c T FSUSER_CloseArchive
0010de84 00000074 T FSUSER_GetSdmcArchiveResource
0010def8 00000064 T FSUSER_IsSdmcWritable
0010df5c 00000058 T FSFILE_Read
0010dfb4 00000060 T FSFILE_Write
0010e014 00000038 T FSFILE_GetSize
0010e04c 00000028 T FSFILE_SetSize
0010e074 0000003c T FSFILE_Close
0010e0b0 00000024 T FSFILE_Flush
0010e0d4 00000050 T FSDIR_Read
0010e124 0000003c T FSDIR_Close
0010e160 0000013c T decode_utf8
0010e29c 000000e8 T utf16_to_utf8
0010e384 000000c0 T utf8_to_utf16
0010e444 T __aeabi_read_tp
0010e450 00000064 T decode_utf16
0010e4b4 00000054 T encode_utf16
0010e508 000000e0 T encode_utf8
0010e5e8 00000120 T __udivmoddi4
0010e708 000000d8 T strncmp
0010e7e0 0000005c T strlen
0010e83c 000001e4 t _strtoul_l.isra.0
0010ea20 00000034 T strtoul
0010ea54 000000e4 T strncat
0010eb38 00000078 T bsearch
0010ebb0 00000020 T calloc
0010ebd0 000000c0 T _calloc_r
0010ec90 00000020 T memalign
0010ecb0 0000001c t stdio_exit_handler
0010eccc 0000005c t cleanup_stdio
0010ed28 00000154 t global_stdio_init.part.0
0010ee7c 0000005c T __sinit
0010eed8 0000000c T __sfp_lock_acquire
0010eee4 0000000c T __sfp_lock_release
0010eef0 000007e8 T _malloc_r
0010f6d8 000000f8 T _malloc_trim_r
0010f7d0 00000300 T _free_r
0010fad0 0000004c T strnlen
0010fb1c 0000000c T __errno
0010fb28 00000034 T malloc
0010fb5c 00000018 T free
0010fb74 00000130 T memcpy
0010fca4 00000034 T printf
0010fcd8 000000e8 T memset
0010fdc0 00000070 T _fwalk_sglue
0010fe30 0000000c T __malloc_lock
0010fe3c 0000000c T __malloc_unlock
0010fe48 00000004 W __call_exitprocs
0010fe4c 00000030 T exit
0010fe7c 000000c4 T strncpy
0010ff40 00000084 T __libc_init_array
0010ffc4 00000228 T __sflush_r
001101ec 00000094 T _fflush_r
00110280 00000150 T _memalign_r
001103d0 0000003c T __libc_fini_array
0011040c 00000044 T __sread
00110450 00000068 T __swrite
001104b8 00000040 T __sseek
001104f8 00000008 T __sclose
00110500 00000148 T _fclose_r
00110648 000005e4 t get_arg
00110c30 0000342c T _vfprintf_r
0011405c 000000b8 t __sbprintf
00114114 000001b4 t quorem
001142c8 00001370 T _dtoa_r
00115638 000000a0 T _wcrtomb_r
001156d8 00000028 T _wcsrtombs_r
00115700 00000194 T __swsetup_r
00115898 00000088 T frexp
00115920 0000005c T __assert_func
0011597c 00000088 T _Balloc
00115a04 0000001c T _Bfree
00115a20 000000f4 T __multadd
00115b14 00000080 T __hi0bits
00115b94 000000f4 T __lo0bits
00115c88 000000a4 T __i2b
00115d2c 00000208 T __multiply
00115f34 00000130 T __pow5mult
00116064 00000138 T __lshift
0011619c 00000058 T __mcmp
001161f4 000001f0 T __mdiff
001163e4 00000120 T __d2b
00116504 00000024 T __locale_mb_cur_max
00116528 0000003c T fiprintf
00116564 000000e0 T memchr
00116644 00000160 T _wcsnrtombs_l
001167a4 00000064 T _wcsnrtombs_r
00116808 00000324 T __utf8_mbtowc
00116b2c 00000030 T __sprint_r
00116b5c 00000014 T abort
00116b70 00000024 T _localeconv_r
00116b94 00000144 T __smakebuf_r
00116cd8 000000f0 T __utf8_wctomb
00116dc8 00000130 T strchr
00116ef8 00000160 T memmove
00117058 00000090 T _raise_r
001170e8 00000018 T raise
00117100 00000480 T __sfvwrite_r
00117580 000005e4 t get_arg
00117b64 00002264 T _vfiprintf_r
00119dc8 000000b8 t __sbprintf
00119e80 000004a4 T _realloc_r
0011a324 00000020 T _exit
0011a344 0000013c T chdir
0011a480 000001cc T _concatenate_path
0011a64c 00000088 T _fstat_r
0011a6d4 00000014 T _getpid_r
0011a6e8 0000002c T __getreent
0011a714 0000003c T __get_handle
0011a750 000000f4 T _close_r
0011a844 00000008 t null_write
0011a84c 00000018 T setDefaultDevice
0011a864 000000c8 T FindDevice
0011a92c 00000028 T RemoveDevice
0011a954 00000098 T AddDevice
0011a9ec 00000020 T GetDeviceOpTab
0011aa0c 00000008 T _isatty_r
0011aa14 00000014 T _kill_r
0011aa28 0000008c T _lseek_r
0011aab4 00000088 T _read_r
0011ab3c 00000078 W _sbrk_r
0011abb4 0000001c T __libc_lock_acquire
0011abd0 0000001c T __libc_lock_release
0011abec 0000001c T __libc_lock_acquire_recursive
0011ac08 0000001c T __libc_lock_release_recursive
0011ac24 00000088 T _write_r
0011acac 00000048 T strrchr
0011acf4 T _fini
0011b0cc r .LC2
0011b1f4 R render2d_shbin
0011b380 R render2d_shbin_end
0011b380 R render2d_shbin_size
0011b384 00000004 r depthFmtSizes
0011b388 00000005 r colorFmtSizes
0011b390 00000010 r CSWTCH.11
0011b3c8 00000008 r morton_y.2
0011b3d0 00000008 r morton_x.3
0011b3d8 00000008 r s_sleepWakeEvents.4
0011b3e0 00000030 r error_table
0011b410 00000080 r archive_devoptab
0011b490 00000101 R _ctype_
0011b6b8 00000010 r zeroes.0
0011b6c8 00000010 r blanks.1
0011b6e0 0000006c R __action_table
0011b74c 0000006c R __state_table
0011b7b8 00000100 R __chclass
0011b8b8 0000000c r p05.0
0011b8c8 00000028 R __mprec_bigtens
0011b8f0 000000c8 R __mprec_tens
0011baa4 00000010 r zeroes.0
0011bab4 00000010 r blanks.1
0011bac4 00000080 R dotab_stdnull
0011bb44 R __tdata_align
0011bb48 r __EH_FRAME_BEGIN__
0011bb48 R __exidx_end
0011bb48 R __exidx_start
0011c000 00000008 d framerateCounter
0011c008 00000004 d framerate
0011c00c 00000004 d queueLock
0011c010 00000004 d aptChainloadDeliverArgSize
0011c014 00000004 d kCount
0011c018 00000004 d kInterval
0011c01c 00000004 d kDelay
0011c020 W __stacksize__
0011c024 00000004 D _impure_ptr
0011c028 00000120 D _impure_data
0011c148 0000000c D __sglue
0011c154 00000004 D __malloc_sbrk_base
0011c158 00000004 D __malloc_trim_threshold
0011c160 00000408 D __malloc_av_
0011c568 0000016c D __global_locale
0011c6d4 00000400 d _current_working_directory
0011cad8 00001000 d handles
0011dad8 0000000c d __stderr_handle
0011dae4 0000000c d __stdout_handle
0011daf0 0000000c d __stdin_handle
0011dafc 0000008c D devoptab_list
0011db88 00000004 d defaultDevice
0011db94 d _GLOBAL_OFFSET_TABLE_
0011dba0 d __frame_dummy_init_array_entry
0011dba0 D __init_array_start
0011dba0 B __preinit_array_end
0011dba0 B __preinit_array_start
0011dba0 D __tdata_lma
0011dba0 D __tdata_lma_end
0011dba4 d __do_global_dtors_aux_fini_array_entry
0011dba4 D __fini_array_start
0011dba4 D __init_array_end
0011dba8 D __bss_start__
0011dba8 D __fini_array_end
0011dba8 b completed.1
0011dbac b object.0
0011dbc8 000005a8 B __C2Di_Context
0011e170 00000040 b s_projBot
0011e1b0 00000040 b s_projTop
0011e1f0 00000004 b uLoc_mdlvMtx
0011e1f4 00000004 b uLoc_projMtx
0011e1f8 0000000c b hookCookie
0011e208 000002d0 B __C3D_Context
0011e4d8 00000004 b frameEndCbData
0011e4dc 00000004 b frameEndCb
0011e4e0 00000008 b frameCounter
0011e4e8 00000001 b isTopStereo
0011e4e9 00000001 b needSwapBot
0011e4ea 00000001 b needSwapTop
0011e4eb 00000001 b measureGpuTime
0011e4ec 00000001 b inSafeTransfer
0011e4ed 00000001 b inFrame
0011e4f0 00000010 b cpuTime
0011e500 00000010 b gpuTime
0011e510 0000000c b linkedTarget
0011e51c 00000004 b lastTarget
0011e520 00000004 b firstTarget
0011e524 00000008 b C3Di_IVUnifEverDirty
0011e52c 000000c0 b C3Di_FVUnifEverDirty
0011e5ec 00000018 b C3Di_ShaderFVecData
0011e604 00000002 B C3D_BoolUnifsDirty
0011e608 00000008 B C3D_IVUnifDirty
0011e610 000000c0 B C3D_FVUnifDirty
0011e6d0 00000004 B C3D_BoolUnifs
0011e6d4 00000020 B C3D_IVUnif
0011e6f4 00000c00 B C3D_FVUnif
0011f2f8 00000008 b sLinearPool
0011f300 0000000c b sAddrMap
0011f310 00000008 b sVramPoolB
0011f318 00000008 b sVramPoolA
0011f320 0000000c b sAddrMap
0011f32c 00000004 b screenAlloc
0011f330 00000004 b screenFree
0011f334 00000002 b gfxIsDoubleBuf
0011f338 00000002 b gfxCurBuf
0011f33a 00000001 b gfxIsVram
0011f33b 00000001 b gfxTopMode
0011f33c 00000002 b gfxFramebufferFormats
0011f340 00000004 b gfxBottomFramebufferMaxSize
0011f344 00000004 b gfxTopFramebufferMaxSize
0011f348 00000008 b gfxBottomFramebuffers
0011f350 00000008 b gfxTopFramebuffers
0011f358 00000001 V __ctru_speedup
0011f35c 00000004 B gpuCmdBufOffset
0011f360 00000004 B gpuCmdBufSize
0011f364 00000004 B gpuCmdBuf
0011f368 00000004 b boundQueue
0011f36c 00000001 b shouldStop
0011f36d 00000001 b isRunning
0011f36e 00000001 b isActive
0011f370 00000004 b curQueue
0011f374 00000001 b flagValue.0
0011f375 00000001 b flagInit.1
0011f378 00000004 b serviceName.6
0011f37c 00000001 b aptChainloadFlags
0011f37d 00000001 b aptChainloadMediatype
0011f380 00000020 b aptChainloadHmac
0011f3a0 00000300 b aptChainloadDeliverArg
0011f6a0 00000008 b aptChainloadTid
0011f6a8 00001000 b aptParameters
001206a8 00000004 b aptFlags
001206ac 00000001 b aptHomeButtonState
001206b0 00000004 b aptMessageFuncData
001206b4 00000004 b aptMessageFunc
001206b8 0000000c b aptFirstHook
001206c4 00000001 b aptEventHandlerThreadQuit
001206c8 00000004 b aptEventHandlerThread
001206cc 00000008 b aptSleepEvent
001206d4 00000008 b aptReceiveEvent
001206dc 00000008 b aptEvents
001206e4 00000004 b aptLockHandle
001206e8 00000004 b aptRefCount
001206ec 00000007 b gspEventCbOneShot
001206f4 0000001c b gspEventCbData
00120710 0000001c b gspEventCb
0012072c 00000038 b gspEvents
00120764 00000004 b gspLastEvent
00120768 00000001 b gspRunEvents
0012076c 00000004 b gspEventThread
00120770 00000004 b gspEvent
00120774 00000001 b gspGpuRight
00120775 00000001 b gspThreadId
00120778 00000004 b gspSharedMem
0012077c 00000004 b gspSharedMemHandle
00120780 00000004 b gspRefCount
00120784 00000004 b gspGpuHandle
00120788 00000001 b usingIrrst
0012078c 00000004 b hidRefCount
00120790 00000006 b gRate
00120798 00000006 b aVec
001207a0 00000004 b cPos
001207a4 00000004 b tPos
001207a8 00000004 b kRepeat
001207ac 00000004 b kUp
001207b0 00000004 b kDown
001207b4 00000004 b kHeld
001207b8 00000004 b kOld
001207bc 00000004 B hidSharedMem
001207c0 00000014 B hidEvents
001207d4 00000004 B hidMemHandle
001207d8 00000004 B hidHandle
001207dc 00000004 b irrstRefCount
001207e0 00000004 b csPos
001207e4 00000004 b kHeld
001207e8 00000004 B irrstSharedMem
001207ec 00000004 B irrstEvent
001207f0 00000004 B irrstMemHandle
001207f4 00000004 B irrstHandle
001207f8 00000004 b ptmSysmRefCount
001207fc 00000004 b ptmSysmHandle
00120800 00000004 V __ctru_linear_heap_size
00120804 00000004 V __ctru_heap_size
00120808 00000004 B __ctru_linear_heap
0012080c 00000004 B __ctru_heap
00120810 00000004 B __system_retAddr
00120814 00000004 B __system_argv
00120818 00000004 B __system_argc
0012081c b saved_stack
00120824 00000004 B __3dslink_host
00120828 00000004 b srvRefCount
0012082c 00000004 b srvHandle
00120830 00000004 b arbiter
00120834 00000004 b currentAddr
00120838 00000004 b maxAddr
0012083c 00000004 b minAddr
00120840 00000004 b srvPmHandle
00120848 000005c0 b archive_devices
00120e08 00000004 b archive_device_cwd
00120e0c 00000001 b archive_initialized
00120e10 00000080 b fsExemptArchives
00120e90 00000004 b fsuRefCount
00120e94 00000004 b fsuHandle
00120e98 0000000c b __sfp_recursive_mutex
00120ea8 00000168 B __sf
00121010 00000004 B __stdio_exit_handler
00121014 00000028 B __malloc_current_mallinfo
0012103c 00000004 B __malloc_max_total_mem
00121040 00000004 B __malloc_max_sbrked_mem
00121044 00000004 B __malloc_top_pad
00121048 0000000c b __malloc_recursive_mutex
00121054 00000400 b temp_cwd
00121454 00000004 b __hndl_lock
00121458 00000004 B fake_heap_start
0012145c 00000004 B fake_heap_end
00121460 00000004 b heap_start.0
00121464 B __tls_start
0012206c B __bss_end__
0012206c A __end__
0012206c B __tls_end
